info it worked if it ends with ok
verbose cli [ 'node', '/usr/bin/npm', 'install' ]
info using npm@1.1.4
info using node@v0.6.12
verbose config file /home/db/.npmrc
verbose config file /usr/etc/npmrc
verbose config file /usr/share/npm/npmrc
verbose caching /home/db/LocalSupport/package.json
verbose loadDefaults LocalSupport@2.0.0
verbose readDependencies: using package.json deps
verbose where, deps [ '/home/db/LocalSupport', [ 'bower' ] ]
verbose from cache /home/db/LocalSupport/package.json
info preinstall LocalSupport@2.0.0
verbose from cache /home/db/LocalSupport/package.json
verbose readDependencies: using package.json deps
verbose cache add [ 'bower@^1.3.12', null ]
silly cache add: name, spec, args [ undefined, 'bower@^1.3.12', [ 'bower@^1.3.12', null ] ]
verbose parsed url { pathname: 'bower@^1.3.12',
verbose parsed url   path: 'bower@^1.3.12',
verbose parsed url   href: 'bower@^1.3.12' }
silly cache add: name, spec, args [ 'bower', '^1.3.12', [ 'bower', '^1.3.12' ] ]
verbose parsed url { pathname: '^1.3.12', path: '^1.3.12', href: '^1.3.12' }
verbose addNamed [ 'bower', '^1.3.12' ]
verbose addNamed [ null, null ]
info addNameTag [ 'bower', '^1.3.12' ]
verbose raw, before any munging bower
verbose url resolving [ 'https://registry.npmjs.org/', './bower' ]
verbose url resolved https://registry.npmjs.org/bower
http GET https://registry.npmjs.org/bower
ERR! Error: failed to fetch from registry: bower
ERR!     at /usr/share/npm/lib/utils/npm-registry-client/get.js:139:12
ERR!     at cb (/usr/share/npm/lib/utils/npm-registry-client/request.js:31:9)
ERR!     at Request._callback (/usr/share/npm/lib/utils/npm-registry-client/request.js:136:18)
ERR!     at Request.callback (/usr/lib/nodejs/request/main.js:119:22)
ERR!     at Request.<anonymous> (/usr/lib/nodejs/request/main.js:212:58)
ERR!     at Request.emit (events.js:88:20)
ERR!     at ClientRequest.<anonymous> (/usr/lib/nodejs/request/main.js:412:12)
ERR!     at ClientRequest.emit (events.js:67:17)
ERR!     at HTTPParser.onIncoming (http.js:1261:11)
ERR!     at HTTPParser.onHeadersComplete (http.js:102:31)
ERR! You may report this log at:
ERR!     <http://bugs.debian.org/npm>
ERR! or use
ERR!     reportbug --attach /home/db/LocalSupport/npm-debug.log npm
ERR! 
ERR! System Linux 3.13.0-32-generic
ERR! command "node" "/usr/bin/npm" "install"
ERR! cwd /home/db/LocalSupport
ERR! node -v v0.6.12
ERR! npm -v 1.1.4
ERR! message failed to fetch from registry: bower
verbose exit [ 1, true ]
